e:\projects\veeam\com-service\other-sources\carlocalserver\debug\carlocalserver.pch
e:\projects\veeam\com-service\other-sources\carlocalserver\debug\vc143.pdb
e:\projects\veeam\com-service\other-sources\carlocalserver\debug\stdafx.obj
e:\projects\veeam\com-service\other-sources\carlocalserver\debug\mylog.obj
e:\projects\veeam\com-service\other-sources\carlocalserver\debug\mycarclassfactory.obj
e:\projects\veeam\com-service\other-sources\carlocalserver\debug\mycar.obj
e:\projects\veeam\com-service\other-sources\carlocalserver\debug\locks.obj
e:\projects\veeam\com-service\other-sources\carlocalserver\debug\carlocalserver.obj
e:\projects\veeam\com-service\other-sources\carlocalserver\x64\debug\carlocalserver.ilk
e:\projects\veeam\com-service\other-sources\carlocalserver\debug\carlocalserver.exe
e:\projects\veeam\com-service\other-sources\carlocalserver\x64\debug\carlocalserver.pdb
e:\projects\veeam\com-service\other-sources\carlocalserver\debug\carlocalserver.tlb
e:\projects\veeam\com-service\other-sources\carlocalserver\carlocalservertypeinfo_p.c
e:\projects\veeam\com-service\other-sources\carlocalserver\carlocalservertypeinfo_i.c
e:\projects\veeam\com-service\other-sources\carlocalserver\carlocalservertypeinfo_h.h
e:\projects\veeam\com-service\other-sources\carlocalserver\x64\debug\carlocalserver.tlog\cl.command.1.tlog
e:\projects\veeam\com-service\other-sources\carlocalserver\x64\debug\carlocalserver.tlog\cl.read.1.tlog
e:\projects\veeam\com-service\other-sources\carlocalserver\x64\debug\carlocalserver.tlog\cl.write.1.tlog
e:\projects\veeam\com-service\other-sources\carlocalserver\x64\debug\carlocalserver.tlog\link.command.1.tlog
e:\projects\veeam\com-service\other-sources\carlocalserver\x64\debug\carlocalserver.tlog\link.read.1.tlog
e:\projects\veeam\com-service\other-sources\carlocalserver\x64\debug\carlocalserver.tlog\link.write.1.tlog
e:\projects\veeam\com-service\other-sources\carlocalserver\x64\debug\carlocalserver.tlog\midl.command.1.tlog
e:\projects\veeam\com-service\other-sources\carlocalserver\x64\debug\carlocalserver.tlog\midl.read.1.tlog
e:\projects\veeam\com-service\other-sources\carlocalserver\x64\debug\carlocalserver.tlog\midl.write.1.tlog
